c:\users\kga\source\repos\mylovelygame\mylovelygame\x64\debug\vc143.pdb
c:\users\kga\source\repos\mylovelygame\mylovelygame\x64\debug\vc143.idb
c:\users\kga\source\repos\mylovelygame\mylovelygame\x64\debug\skills.obj
c:\users\kga\source\repos\mylovelygame\mylovelygame\x64\debug\savemanager.obj
c:\users\kga\source\repos\mylovelygame\mylovelygame\x64\debug\gameutils.obj
c:\users\kga\source\repos\mylovelygame\mylovelygame\x64\debug\player.obj
c:\users\kga\source\repos\mylovelygame\mylovelygame\x64\debug\mylovelygame.obj
c:\users\kga\source\repos\mylovelygame\mylovelygame\x64\debug\minigame.obj
c:\users\kga\source\repos\mylovelygame\mylovelygame\x64\debug\item.obj
c:\users\kga\source\repos\mylovelygame\mylovelygame\x64\debug\inventory.obj
c:\users\kga\source\repos\mylovelygame\mylovelygame\x64\debug\ghost.obj
c:\users\kga\source\repos\mylovelygame\mylovelygame\x64\debug\game.obj
c:\users\kga\source\repos\mylovelygame\mylovelygame\x64\debug\ending.obj
c:\users\kga\source\repos\mylovelygame\mylovelygame\x64\debug\chapter6.obj
c:\users\kga\source\repos\mylovelygame\mylovelygame\x64\debug\chapter5.obj
c:\users\kga\source\repos\mylovelygame\mylovelygame\x64\debug\chapter4.obj
c:\users\kga\source\repos\mylovelygame\mylovelygame\x64\debug\chapter3.obj
c:\users\kga\source\repos\mylovelygame\mylovelygame\x64\debug\chapter2.obj
c:\users\kga\source\repos\mylovelygame\mylovelygame\x64\debug\chapter1.obj
c:\users\kga\source\repos\mylovelygame\mylovelygame\x64\debug\buff.obj
c:\users\kga\source\repos\mylovelygame\mylovelygame\x64\debug\shop.obj
c:\users\kga\source\repos\mylovelygame\x64\debug\mylovelygame.exe
c:\users\kga\source\repos\mylovelygame\x64\debug\mylovelygame.pdb
c:\users\kga\source\repos\mylovelygame\mylovelygame\x64\debug\mylovelygame.res
c:\users\kga\source\repos\mylovelygame\mylovelygame\x64\debug\mylovelygame.ilk
c:\users\kga\source\repos\mylovelygame\mylovelygame\x64\debug\mylovelygame.tlog\cl.command.1.tlog
c:\users\kga\source\repos\mylovelygame\mylovelygame\x64\debug\mylovelygame.tlog\cl.items.tlog
c:\users\kga\source\repos\mylovelygame\mylovelygame\x64\debug\mylovelygame.tlog\cl.read.1.tlog
c:\users\kga\source\repos\mylovelygame\mylovelygame\x64\debug\mylovelygame.tlog\cl.write.1.tlog
c:\users\kga\source\repos\mylovelygame\mylovelygame\x64\debug\mylovelygame.tlog\link.command.1.tlog
c:\users\kga\source\repos\mylovelygame\mylovelygame\x64\debug\mylovelygame.tlog\link.read.1.tlog
c:\users\kga\source\repos\mylovelygame\mylovelygame\x64\debug\mylovelygame.tlog\link.secondary.1.tlog
c:\users\kga\source\repos\mylovelygame\mylovelygame\x64\debug\mylovelygame.tlog\link.write.1.tlog
c:\users\kga\source\repos\mylovelygame\mylovelygame\x64\debug\mylovelygame.tlog\rc.command.1.tlog
c:\users\kga\source\repos\mylovelygame\mylovelygame\x64\debug\mylovelygame.tlog\rc.read.1.tlog
c:\users\kga\source\repos\mylovelygame\mylovelygame\x64\debug\mylovelygame.tlog\rc.write.1.tlog
