c:\users\zhiezenniz\downloads\textrpg-main\textrpg-main\mylovelygame\x64\debug\vc143.pdb
c:\users\zhiezenniz\downloads\textrpg-main\textrpg-main\mylovelygame\x64\debug\vc143.idb
c:\users\zhiezenniz\downloads\textrpg-main\textrpg-main\mylovelygame\x64\debug\savemanager.obj
c:\users\zhiezenniz\downloads\textrpg-main\textrpg-main\mylovelygame\x64\debug\gameutils.obj
c:\users\zhiezenniz\downloads\textrpg-main\textrpg-main\mylovelygame\x64\debug\player.obj
c:\users\zhiezenniz\downloads\textrpg-main\textrpg-main\mylovelygame\x64\debug\mylovelygame.obj
c:\users\zhiezenniz\downloads\textrpg-main\textrpg-main\mylovelygame\x64\debug\minigame.obj
c:\users\zhiezenniz\downloads\textrpg-main\textrpg-main\mylovelygame\x64\debug\item.obj
c:\users\zhiezenniz\downloads\textrpg-main\textrpg-main\mylovelygame\x64\debug\inventory.obj
c:\users\zhiezenniz\downloads\textrpg-main\textrpg-main\mylovelygame\x64\debug\ghost.obj
c:\users\zhiezenniz\downloads\textrpg-main\textrpg-main\mylovelygame\x64\debug\game.obj
c:\users\zhiezenniz\downloads\textrpg-main\textrpg-main\mylovelygame\x64\debug\ending.obj
c:\users\zhiezenniz\downloads\textrpg-main\textrpg-main\mylovelygame\x64\debug\chapter6.obj
c:\users\zhiezenniz\downloads\textrpg-main\textrpg-main\mylovelygame\x64\debug\chapter5.obj
c:\users\zhiezenniz\downloads\textrpg-main\textrpg-main\mylovelygame\x64\debug\chapter4.obj
c:\users\zhiezenniz\downloads\textrpg-main\textrpg-main\mylovelygame\x64\debug\chapter3.obj
c:\users\zhiezenniz\downloads\textrpg-main\textrpg-main\mylovelygame\x64\debug\chapter2.obj
c:\users\zhiezenniz\downloads\textrpg-main\textrpg-main\mylovelygame\x64\debug\chapter1.obj
c:\users\zhiezenniz\downloads\textrpg-main\textrpg-main\mylovelygame\x64\debug\buff.obj
c:\users\zhiezenniz\downloads\textrpg-main\textrpg-main\mylovelygame\x64\debug\mylovelygame.tlog\cl.command.1.tlog
c:\users\zhiezenniz\downloads\textrpg-main\textrpg-main\mylovelygame\x64\debug\mylovelygame.tlog\cl.read.1.tlog
c:\users\zhiezenniz\downloads\textrpg-main\textrpg-main\mylovelygame\x64\debug\mylovelygame.tlog\cl.write.1.tlog
